<?xml version="1.0" encoding="UTF-8"?>
<testng-results skipped="0" failed="0" ignored="0" total="1" passed="1">
  <reporter-output>
  </reporter-output>
  <suite name="Default suite" duration-ms="12439" started-at="2019-11-07T04:30:00Z" finished-at="2019-11-07T04:30:12Z">
    <groups>
    </groups>
    <test name="Default test" duration-ms="12439" started-at="2019-11-07T04:30:00Z" finished-at="2019-11-07T04:30:12Z">
      <class name="tests.BaseClass">
        <test-method status="PASS" signature="interactWithCameraInAndroid()[pri:0, instance:tests.BaseClass@6093dd95]" name="interactWithCameraInAndroid" duration-ms="12424" started-at="2019-11-07T04:30:00Z" finished-at="2019-11-07T04:30:12Z">
          <reporter-output>
          </reporter-output>
        </test-method> <!-- interactWithCameraInAndroid -->
      </class> <!-- tests.BaseClass -->
    </test> <!-- Default test -->
  </suite> <!-- Default suite -->
</testng-results>
